c:\users\ronan\source\repos\sha3_app\sha3_app\x64\release\vc142.pdb
c:\users\ronan\source\repos\sha3_app\sha3_app\x64\release\sha3_app.obj
c:\users\ronan\sha3_fyp\sha3_app\sha3_app\x64\release\vc142.pdb
c:\users\ronan\sha3_fyp\sha3_app\sha3_app\x64\release\sha3_app.obj
c:\users\ronan\source\repos\sha3_app\x64\release\sha3_app.exe
c:\users\ronan\source\repos\sha3_app\sha3_app\x64\release\sha3_app.ipdb
c:\users\ronan\source\repos\sha3_app\sha3_app\x64\release\sha3_app.iobj
c:\users\ronan\source\repos\sha3_app\x64\release\sha3_app.pdb
c:\users\ronan\sha3_fyp\sha3_app\x64\release\sha3_app.exe
c:\users\ronan\sha3_fyp\sha3_app\sha3_app\x64\release\sha3_app.iobj
c:\users\ronan\sha3_fyp\sha3_app\x64\release\sha3_app.pdb
c:\users\ronan\sha3_fyp\sha3_app\sha3_app\x64\release\gpuprocess.cu.cache
c:\users\ronan\sha3_fyp\sha3_app\sha3_app\x64\release\gpuprocess.cu.obj
c:\users\ronan\sha3_fyp\sha3_app\sha3_app\x64\release\sha3_app.ipdb
c:\users\ronan\sha3_fyp\sha3_app\sha3_app\x64\release\sha3_app.tlog\cl.command.1.tlog
c:\users\ronan\sha3_fyp\sha3_app\sha3_app\x64\release\sha3_app.tlog\cl.read.1.tlog
c:\users\ronan\sha3_fyp\sha3_app\sha3_app\x64\release\sha3_app.tlog\cl.write.1.tlog
c:\users\ronan\sha3_fyp\sha3_app\sha3_app\x64\release\sha3_app.tlog\cudacompile.read.1u.tlog
c:\users\ronan\sha3_fyp\sha3_app\sha3_app\x64\release\sha3_app.tlog\cudacompile.write.1u.tlog
c:\users\ronan\sha3_fyp\sha3_app\sha3_app\x64\release\sha3_app.tlog\link.command.1.tlog
c:\users\ronan\sha3_fyp\sha3_app\sha3_app\x64\release\sha3_app.tlog\link.read.1.tlog
c:\users\ronan\sha3_fyp\sha3_app\sha3_app\x64\release\sha3_app.tlog\link.write.1.tlog
